Determining if the pthread_create exist failed with the following output:
Change Dir: /home/ubuntu/ros_mbrb/build/CMakeFiles/CMakeTmp

Run Build Command:"/usr/bin/make" "cmTC_e37ba/fast"
/usr/bin/make -f CMakeFiles/cmTC_e37ba.dir/build.make CMakeFiles/cmTC_e37ba.dir/build
make[1]: Entering directory '/home/ubuntu/ros_mbrb/build/CMakeFiles/CMakeTmp'
Building C object CMakeFiles/cmTC_e37ba.dir/CheckSymbolExists.c.o
/usr/bin/cc     -o CMakeFiles/cmTC_e37ba.dir/CheckSymbolExists.c.o   -c /home/ubuntu/ros_mbrb/build/CMakeFiles/CMakeTmp/CheckSymbolExists.c
Linking C executable cmTC_e37ba
/usr/bin/cmake -E cmake_link_script CMakeFiles/cmTC_e37ba.dir/link.txt --verbose=1
/usr/bin/cc       CMakeFiles/cmTC_e37ba.dir/CheckSymbolExists.c.o  -o cmTC_e37ba -rdynamic 
CMakeFiles/cmTC_e37ba.dir/CheckSymbolExists.c.o: In function `main':
CheckSymbolExists.c:(.text+0xe): undefined reference to `pthread_create'
CheckSymbolExists.c:(.text+0x12): undefined reference to `pthread_create'
collect2: error: ld returned 1 exit status
CMakeFiles/cmTC_e37ba.dir/build.make:97: recipe for target 'cmTC_e37ba' failed
make[1]: *** [cmTC_e37ba] Error 1
make[1]: Leaving directory '/home/ubuntu/ros_mbrb/build/CMakeFiles/CMakeTmp'
Makefile:126: recipe for target 'cmTC_e37ba/fast' failed
make: *** [cmTC_e37ba/fast] Error 2

File /home/ubuntu/ros_mbrb/build/CMakeFiles/CMakeTmp/CheckSymbolExists.c:
/* */
#include <pthread.h>

int main(int argc, char** argv)
{
  (void)argv;
#ifndef pthread_create
  return ((int*)(&pthread_create))[argc];
#else
  (void)argc;
  return 0;
#endif
}

Determining if the function pthread_create exists in the pthreads failed with the following output:
Change Dir: /home/ubuntu/ros_mbrb/build/CMakeFiles/CMakeTmp

Run Build Command:"/usr/bin/make" "cmTC_74f85/fast"
/usr/bin/make -f CMakeFiles/cmTC_74f85.dir/build.make CMakeFiles/cmTC_74f85.dir/build
make[1]: Entering directory '/home/ubuntu/ros_mbrb/build/CMakeFiles/CMakeTmp'
Building C object CMakeFiles/cmTC_74f85.dir/CheckFunctionExists.c.o
/usr/bin/cc    -DCHECK_FUNCTION_EXISTS=pthread_create   -o CMakeFiles/cmTC_74f85.dir/CheckFunctionExists.c.o   -c /usr/share/cmake-3.5/Modules/CheckFunctionExists.c
Linking C executable cmTC_74f85
/usr/bin/cmake -E cmake_link_script CMakeFiles/cmTC_74f85.dir/link.txt --verbose=1
/usr/bin/cc   -DCHECK_FUNCTION_EXISTS=pthread_create    CMakeFiles/cmTC_74f85.dir/CheckFunctionExists.c.o  -o cmTC_74f85 -rdynamic -lpthreads 
/usr/bin/ld: cannot find -lpthreads
collect2: error: ld returned 1 exit status
CMakeFiles/cmTC_74f85.dir/build.make:97: recipe for target 'cmTC_74f85' failed
make[1]: *** [cmTC_74f85] Error 1
make[1]: Leaving directory '/home/ubuntu/ros_mbrb/build/CMakeFiles/CMakeTmp'
Makefile:126: recipe for target 'cmTC_74f85/fast' failed
make: *** [cmTC_74f85/fast] Error 2


